D, [2014-09-24T22:38:39.884203 #20917] DEBUG -- :   [1m[36m (367.0ms)[0m  [1mCREATE TABLE "albums" ("id" INTEGER PRIMARY KEY AUTOINCREMENT NOT NULL, "title" varchar(255), "performer" varchar(255)) [0m
D, [2014-09-24T22:38:40.239350 #20917] DEBUG -- :   [1m[35m (352.2ms)[0m  CREATE TABLE "tracks" ("id" INTEGER PRIMARY KEY AUTOINCREMENT NOT NULL, "album_id" integer, "track_number" integer, "title" varchar(255)) 
D, [2014-09-24T22:38:40.281089 #20917] DEBUG -- :   [1m[36mAlbum Load (0.6ms)[0m  [1mSELECT "albums".* FROM "albums" WHERE "albums"."title" = 'In Utero' LIMIT 1[0m
D, [2014-09-24T22:38:40.286136 #20917] DEBUG -- :   [1m[35m (0.1ms)[0m  begin transaction
D, [2014-09-24T22:38:40.307196 #20917] DEBUG -- :   [1m[36mSQL (2.5ms)[0m  [1mINSERT INTO "albums" ("performer", "title") VALUES (?, ?)[0m  [["performer", "Nirvana"], ["title", "In Utero"]]
D, [2014-09-24T22:38:40.704874 #20917] DEBUG -- :   [1m[35m (397.1ms)[0m  commit transaction
D, [2014-09-24T22:38:40.739801 #20917] DEBUG -- :   [1m[36m (0.1ms)[0m  [1mbegin transaction[0m
D, [2014-09-24T22:38:40.788289 #20917] DEBUG -- :   [1m[35mSQL (39.1ms)[0m  INSERT INTO "tracks" ("album_id", "title", "track_number") VALUES (?, ?, ?)  [["album_id", 1], ["title", "Serve the Servants"], ["track_number", 1]]
D, [2014-09-24T22:38:41.150852 #20917] DEBUG -- :   [1m[36m (361.8ms)[0m  [1mcommit transaction[0m
D, [2014-09-24T22:38:41.151780 #20917] DEBUG -- :   [1m[35m (0.2ms)[0m  begin transaction
D, [2014-09-24T22:38:41.157775 #20917] DEBUG -- :   [1m[36mSQL (2.7ms)[0m  [1mINSERT INTO "tracks" ("album_id", "title", "track_number") VALUES (?, ?, ?)[0m  [["album_id", 1], ["title", "Scentless Apprentice"], ["track_number", 2]]
D, [2014-09-24T22:38:41.518004 #20917] DEBUG -- :   [1m[35m (359.5ms)[0m  commit transaction
D, [2014-09-24T22:38:41.518663 #20917] DEBUG -- :   [1m[36m (0.2ms)[0m  [1mbegin transaction[0m
D, [2014-09-24T22:38:41.523722 #20917] DEBUG -- :   [1m[35mSQL (2.6ms)[0m  INSERT INTO "tracks" ("album_id", "title", "track_number") VALUES (?, ?, ?)  [["album_id", 1], ["title", "Heart-Shaped Box"], ["track_number", 3]]
D, [2014-09-24T22:38:41.894853 #20917] DEBUG -- :   [1m[36m (370.5ms)[0m  [1mcommit transaction[0m
D, [2014-09-24T22:38:41.895520 #20917] DEBUG -- :   [1m[35m (0.2ms)[0m  begin transaction
D, [2014-09-24T22:38:41.900421 #20917] DEBUG -- :   [1m[36mSQL (2.5ms)[0m  [1mINSERT INTO "tracks" ("album_id", "title", "track_number") VALUES (?, ?, ?)[0m  [["album_id", 1], ["title", "Rape Me"], ["track_number", 4]]
D, [2014-09-24T22:38:42.283782 #20917] DEBUG -- :   [1m[35m (382.6ms)[0m  commit transaction
D, [2014-09-24T22:38:42.284455 #20917] DEBUG -- :   [1m[36m (0.2ms)[0m  [1mbegin transaction[0m
D, [2014-09-24T22:38:42.289112 #20917] DEBUG -- :   [1m[35mSQL (2.4ms)[0m  INSERT INTO "tracks" ("album_id", "title", "track_number") VALUES (?, ?, ?)  [["album_id", 1], ["title", "Frances Farmer"], ["track_number", 5]]
D, [2014-09-24T22:38:42.673255 #20917] DEBUG -- :   [1m[36m (383.5ms)[0m  [1mcommit transaction[0m
D, [2014-09-24T22:38:42.673831 #20917] DEBUG -- :   [1m[35m (0.2ms)[0m  begin transaction
D, [2014-09-24T22:38:42.677758 #20917] DEBUG -- :   [1m[36mSQL (1.8ms)[0m  [1mINSERT INTO "tracks" ("album_id", "title", "track_number") VALUES (?, ?, ?)[0m  [["album_id", 1], ["title", "Dumb"], ["track_number", 6]]
D, [2014-09-24T22:38:43.072771 #20917] DEBUG -- :   [1m[35m (394.5ms)[0m  commit transaction
D, [2014-09-24T22:38:43.073427 #20917] DEBUG -- :   [1m[36m (0.2ms)[0m  [1mbegin transaction[0m
D, [2014-09-24T22:38:43.078308 #20917] DEBUG -- :   [1m[35mSQL (2.6ms)[0m  INSERT INTO "tracks" ("album_id", "title", "track_number") VALUES (?, ?, ?)  [["album_id", 1], ["title", "Very Ape"], ["track_number", 7]]
D, [2014-09-24T22:38:43.473001 #20917] DEBUG -- :   [1m[36m (394.0ms)[0m  [1mcommit transaction[0m
D, [2014-09-24T22:38:43.473641 #20917] DEBUG -- :   [1m[35m (0.2ms)[0m  begin transaction
D, [2014-09-24T22:38:43.479486 #20917] DEBUG -- :   [1m[36mSQL (3.4ms)[0m  [1mINSERT INTO "tracks" ("album_id", "title", "track_number") VALUES (?, ?, ?)[0m  [["album_id", 1], ["title", "Milk It"], ["track_number", 8]]
D, [2014-09-24T22:38:43.883782 #20917] DEBUG -- :   [1m[35m (403.6ms)[0m  commit transaction
D, [2014-09-24T22:38:43.884428 #20917] DEBUG -- :   [1m[36m (0.2ms)[0m  [1mbegin transaction[0m
D, [2014-09-24T22:38:43.889474 #20917] DEBUG -- :   [1m[35mSQL (2.7ms)[0m  INSERT INTO "tracks" ("album_id", "title", "track_number") VALUES (?, ?, ?)  [["album_id", 1], ["title", "Pennyroyal Tea"], ["track_number", 9]]
D, [2014-09-24T22:38:44.261993 #20917] DEBUG -- :   [1m[36m (371.8ms)[0m  [1mcommit transaction[0m
D, [2014-09-24T22:38:44.262644 #20917] DEBUG -- :   [1m[35m (0.2ms)[0m  begin transaction
D, [2014-09-24T22:38:44.268343 #20917] DEBUG -- :   [1m[36mSQL (3.3ms)[0m  [1mINSERT INTO "tracks" ("album_id", "title", "track_number") VALUES (?, ?, ?)[0m  [["album_id", 1], ["title", "Radio Friendly Unit Shifter"], ["track_number", 10]]
D, [2014-09-24T22:38:44.662040 #20917] DEBUG -- :   [1m[35m (393.0ms)[0m  commit transaction
D, [2014-09-24T22:38:44.662688 #20917] DEBUG -- :   [1m[36m (0.2ms)[0m  [1mbegin transaction[0m
D, [2014-09-24T22:38:44.668277 #20917] DEBUG -- :   [1m[35mSQL (3.2ms)[0m  INSERT INTO "tracks" ("album_id", "title", "track_number") VALUES (?, ?, ?)  [["album_id", 1], ["title", "Tourettes"], ["track_number", 11]]
D, [2014-09-24T22:38:45.061240 #20917] DEBUG -- :   [1m[36m (392.3ms)[0m  [1mcommit transaction[0m
D, [2014-09-24T22:38:45.062062 #20917] DEBUG -- :   [1m[35m (0.3ms)[0m  begin transaction
D, [2014-09-24T22:38:45.067390 #20917] DEBUG -- :   [1m[36mSQL (2.8ms)[0m  [1mINSERT INTO "tracks" ("album_id", "title", "track_number") VALUES (?, ?, ?)[0m  [["album_id", 1], ["title", "All Apologies"], ["track_number", 12]]
D, [2014-09-24T22:38:45.450745 #20917] DEBUG -- :   [1m[35m (382.7ms)[0m  commit transaction
D, [2014-09-24T22:38:45.454110 #20917] DEBUG -- :   [1m[36mAlbum Load (1.7ms)[0m  [1mSELECT "albums".* FROM "albums" WHERE "albums"."title" = 'La-te-ra-lus' LIMIT 1[0m
D, [2014-09-24T22:38:45.455281 #20917] DEBUG -- :   [1m[35m (0.2ms)[0m  begin transaction
D, [2014-09-24T22:38:45.459121 #20917] DEBUG -- :   [1m[36mSQL (2.3ms)[0m  [1mINSERT INTO "albums" ("performer", "title") VALUES (?, ?)[0m  [["performer", "Tool"], ["title", "La-te-ra-lus"]]
D, [2014-09-24T22:38:45.828337 #20917] DEBUG -- :   [1m[35m (368.5ms)[0m  commit transaction
D, [2014-09-24T22:38:45.830042 #20917] DEBUG -- :   [1m[36m (0.2ms)[0m  [1mbegin transaction[0m
D, [2014-09-24T22:38:45.863469 #20917] DEBUG -- :   [1m[35mSQL (31.0ms)[0m  INSERT INTO "tracks" ("album_id", "title", "track_number") VALUES (?, ?, ?)  [["album_id", 2], ["title", "The Grudge"], ["track_number", 1]]
D, [2014-09-24T22:38:46.250927 #20917] DEBUG -- :   [1m[36m (386.8ms)[0m  [1mcommit transaction[0m
D, [2014-09-24T22:38:46.251630 #20917] DEBUG -- :   [1m[35m (0.2ms)[0m  begin transaction
D, [2014-09-24T22:38:46.256514 #20917] DEBUG -- :   [1m[36mSQL (2.6ms)[0m  [1mINSERT INTO "tracks" ("album_id", "title", "track_number") VALUES (?, ?, ?)[0m  [["album_id", 2], ["title", "Eon Blue Apocalypse"], ["track_number", 2]]
D, [2014-09-24T22:38:46.639761 #20917] DEBUG -- :   [1m[35m (382.5ms)[0m  commit transaction
D, [2014-09-24T22:38:46.640413 #20917] DEBUG -- :   [1m[36m (0.2ms)[0m  [1mbegin transaction[0m
D, [2014-09-24T22:38:46.645292 #20917] DEBUG -- :   [1m[35mSQL (2.6ms)[0m  INSERT INTO "tracks" ("album_id", "title", "track_number") VALUES (?, ?, ?)  [["album_id", 2], ["title", "The Patient"], ["track_number", 3]]
D, [2014-09-24T22:38:47.038489 #20917] DEBUG -- :   [1m[36m (392.6ms)[0m  [1mcommit transaction[0m
D, [2014-09-24T22:38:47.038869 #20917] DEBUG -- :   [1m[35m (0.1ms)[0m  begin transaction
D, [2014-09-24T22:38:47.041499 #20917] DEBUG -- :   [1m[36mSQL (1.3ms)[0m  [1mINSERT INTO "tracks" ("album_id", "title", "track_number") VALUES (?, ?, ?)[0m  [["album_id", 2], ["title", "Mantra"], ["track_number", 4]]
D, [2014-09-24T22:38:47.483968 #20917] DEBUG -- :   [1m[35m (441.7ms)[0m  commit transaction
D, [2014-09-24T22:38:47.484622 #20917] DEBUG -- :   [1m[36m (0.2ms)[0m  [1mbegin transaction[0m
D, [2014-09-24T22:38:47.488849 #20917] DEBUG -- :   [1m[35mSQL (2.1ms)[0m  INSERT INTO "tracks" ("album_id", "title", "track_number") VALUES (?, ?, ?)  [["album_id", 2], ["title", "Schism"], ["track_number", 5]]
D, [2014-09-24T22:38:47.884078 #20917] DEBUG -- :   [1m[36m (394.7ms)[0m  [1mcommit transaction[0m
D, [2014-09-24T22:38:47.884720 #20917] DEBUG -- :   [1m[35m (0.2ms)[0m  begin transaction
D, [2014-09-24T22:38:47.889417 #20917] DEBUG -- :   [1m[36mSQL (2.4ms)[0m  [1mINSERT INTO "tracks" ("album_id", "title", "track_number") VALUES (?, ?, ?)[0m  [["album_id", 2], ["title", "Parabol"], ["track_number", 6]]
D, [2014-09-24T22:38:48.283967 #20917] DEBUG -- :   [1m[35m (393.9ms)[0m  commit transaction
D, [2014-09-24T22:38:48.284642 #20917] DEBUG -- :   [1m[36m (0.2ms)[0m  [1mbegin transaction[0m
D, [2014-09-24T22:38:48.289297 #20917] DEBUG -- :   [1m[35mSQL (2.4ms)[0m  INSERT INTO "tracks" ("album_id", "title", "track_number") VALUES (?, ?, ?)  [["album_id", 2], ["title", "Parabola"], ["track_number", 7]]
D, [2014-09-24T22:38:48.662172 #20917] DEBUG -- :   [1m[36m (372.2ms)[0m  [1mcommit transaction[0m
D, [2014-09-24T22:38:48.662807 #20917] DEBUG -- :   [1m[35m (0.2ms)[0m  begin transaction
D, [2014-09-24T22:38:48.670367 #20917] DEBUG -- :   [1m[36mSQL (5.0ms)[0m  [1mINSERT INTO "tracks" ("album_id", "title", "track_number") VALUES (?, ?, ?)[0m  [["album_id", 2], ["title", "Ticks & Leeches"], ["track_number", 8]]
D, [2014-09-24T22:38:49.060844 #20917] DEBUG -- :   [1m[35m (389.7ms)[0m  commit transaction
D, [2014-09-24T22:38:49.061280 #20917] DEBUG -- :   [1m[36m (0.1ms)[0m  [1mbegin transaction[0m
D, [2014-09-24T22:38:49.064137 #20917] DEBUG -- :   [1m[35mSQL (1.4ms)[0m  INSERT INTO "tracks" ("album_id", "title", "track_number") VALUES (?, ?, ?)  [["album_id", 2], ["title", "Lateralus"], ["track_number", 9]]
D, [2014-09-24T22:38:49.439670 #20917] DEBUG -- :   [1m[36m (374.9ms)[0m  [1mcommit transaction[0m
D, [2014-09-24T22:38:49.440332 #20917] DEBUG -- :   [1m[35m (0.2ms)[0m  begin transaction
D, [2014-09-24T22:38:49.445292 #20917] DEBUG -- :   [1m[36mSQL (2.6ms)[0m  [1mINSERT INTO "tracks" ("album_id", "title", "track_number") VALUES (?, ?, ?)[0m  [["album_id", 2], ["title", "Disposition"], ["track_number", 10]]
D, [2014-09-24T22:38:49.817965 #20917] DEBUG -- :   [1m[35m (372.1ms)[0m  commit transaction
D, [2014-09-24T22:38:49.818634 #20917] DEBUG -- :   [1m[36m (0.2ms)[0m  [1mbegin transaction[0m
D, [2014-09-24T22:38:49.823848 #20917] DEBUG -- :   [1m[35mSQL (2.8ms)[0m  INSERT INTO "tracks" ("album_id", "title", "track_number") VALUES (?, ?, ?)  [["album_id", 2], ["title", "Reflection"], ["track_number", 11]]
D, [2014-09-24T22:38:50.217593 #20917] DEBUG -- :   [1m[36m (393.2ms)[0m  [1mcommit transaction[0m
D, [2014-09-24T22:38:50.217968 #20917] DEBUG -- :   [1m[35m (0.1ms)[0m  begin transaction
D, [2014-09-24T22:38:50.221544 #20917] DEBUG -- :   [1m[36mSQL (2.2ms)[0m  [1mINSERT INTO "tracks" ("album_id", "title", "track_number") VALUES (?, ?, ?)[0m  [["album_id", 2], ["title", "Triad"], ["track_number", 12]]
D, [2014-09-24T22:38:50.595316 #20917] DEBUG -- :   [1m[35m (373.1ms)[0m  commit transaction
D, [2014-09-24T22:38:50.596058 #20917] DEBUG -- :   [1m[36m (0.2ms)[0m  [1mbegin transaction[0m
D, [2014-09-24T22:38:50.600732 #20917] DEBUG -- :   [1m[35mSQL (2.4ms)[0m  INSERT INTO "tracks" ("album_id", "title", "track_number") VALUES (?, ?, ?)  [["album_id", 2], ["title", "Faaip de Oiad"], ["track_number", 13]]
D, [2014-09-24T22:38:50.984064 #20917] DEBUG -- :   [1m[36m (382.7ms)[0m  [1mcommit transaction[0m
D, [2014-09-24T22:38:50.986556 #20917] DEBUG -- :   [1m[35mAlbum Load (1.2ms)[0m  SELECT "albums".* FROM "albums" WHERE "albums"."id" = ? LIMIT 1  [["id", 1]]
D, [2014-09-24T22:38:50.991612 #20917] DEBUG -- :   [1m[36mTrack Load (1.3ms)[0m  [1mSELECT "tracks".* FROM "tracks" WHERE "tracks"."album_id" = ?[0m  [["album_id", 1]]
D, [2014-09-24T22:38:50.994411 #20917] DEBUG -- :   [1m[35mAlbum Load (0.6ms)[0m  SELECT "albums".* FROM "albums" WHERE "albums"."id" = ? LIMIT 1  [["id", 2]]
D, [2014-09-24T22:38:50.996286 #20917] DEBUG -- :   [1m[36mTrack Load (0.5ms)[0m  [1mSELECT "tracks".* FROM "tracks" WHERE "tracks"."album_id" = ?[0m  [["album_id", 2]]
D, [2014-09-24T22:38:50.998070 #20917] DEBUG -- :   [1m[35mAlbum Load (0.6ms)[0m  SELECT "albums".* FROM "albums" WHERE "albums"."title" = 'La-te-ra-lus' LIMIT 1
D, [2014-09-24T22:38:51.000120 #20917] DEBUG -- :   [1m[36mTrack Load (0.6ms)[0m  [1mSELECT "tracks".* FROM "tracks" WHERE "tracks"."title" = 'Very Ape' LIMIT 1[0m
D, [2014-09-24T22:38:51.001349 #20917] DEBUG -- :   [1m[35mAlbum Load (0.5ms)[0m  SELECT "albums".* FROM "albums"
D, [2014-09-24T22:38:51.002532 #20917] DEBUG -- :   [1m[36mAlbum Load (0.5ms)[0m  [1mSELECT "albums".* FROM "albums"[0m
D, [2014-09-24T22:38:51.003701 #20917] DEBUG -- :   [1m[35mTrack Load (0.7ms)[0m  SELECT "tracks".* FROM "tracks"
D, [2014-09-24T22:38:51.007446 #20917] DEBUG -- :   [1m[36mTrack Load (0.6ms)[0m  [1mSELECT "tracks".* FROM "tracks" WHERE "tracks"."title" = 'Triad'[0m
D, [2014-09-24T22:38:51.009167 #20917] DEBUG -- :   [1m[35mTrack Load (0.6ms)[0m  SELECT "tracks".* FROM "tracks" WHERE ("tracks"."track_number" BETWEEN 6 AND 8)
D, [2014-09-24T22:38:51.011571 #20917] DEBUG -- :   [1m[36mAlbum Load (0.6ms)[0m  [1mSELECT "albums".* FROM "albums" ORDER BY "albums"."id" ASC LIMIT 1[0m
D, [2014-09-24T22:38:51.013061 #20917] DEBUG -- :   [1m[35mAlbum Load (0.5ms)[0m  SELECT "albums".* FROM "albums" ORDER BY "albums"."id" DESC LIMIT 1
D, [2014-09-24T22:38:51.014121 #20917] DEBUG -- :   [1m[36mAlbum Load (0.6ms)[0m  [1mSELECT "albums".* FROM "albums"[0m
D, [2014-09-24T22:38:51.015200 #20917] DEBUG -- :   [1m[35mAlbum Load (0.5ms)[0m  SELECT "albums".* FROM "albums" ORDER BY "albums"."id" ASC LIMIT 1
D, [2014-09-24T22:38:51.395736 #20917] DEBUG -- :   [1m[36mSQL (379.6ms)[0m  [1mDELETE FROM "albums" WHERE "albums"."id" = 1[0m
D, [2014-09-24T22:38:51.398006 #20917] DEBUG -- :   [1m[35mAlbum Load (1.3ms)[0m  SELECT "albums".* FROM "albums"
D, [2014-09-24T22:38:51.401075 #20917] DEBUG -- :   [1m[36mTrack Load (0.8ms)[0m  [1mSELECT "tracks".* FROM "tracks" WHERE "tracks"."title" = 'The Grudge' ORDER BY "tracks"."id" ASC LIMIT 1[0m
D, [2014-09-24T22:38:51.401806 #20917] DEBUG -- :   [1m[35m (0.1ms)[0m  begin transaction
D, [2014-09-24T22:38:51.405412 #20917] DEBUG -- :   [1m[36mSQL (1.5ms)[0m  [1mUPDATE "tracks" SET "title" = ? WHERE "tracks"."id" = 13[0m  [["title", "Grudgeola"]]
D, [2014-09-24T22:38:51.806552 #20917] DEBUG -- :   [1m[35m (400.6ms)[0m  commit transaction
D, [2014-09-24T22:38:51.809396 #20917] DEBUG -- :   [1m[36mTrack Load (1.2ms)[0m  [1mSELECT "tracks".* FROM "tracks" WHERE "tracks"."title" = 'The Grudge'[0m
D, [2014-09-24T22:38:51.811355 #20917] DEBUG -- :   [1m[35mTrack Load (1.0ms)[0m  SELECT "tracks".* FROM "tracks" WHERE "tracks"."title" = 'Grudgeola'
