D, [2014-09-22T14:49:55.422234 #12132] DEBUG -- :   [1m[36mAlbum Load (0.2ms)[0m  [1mSELECT  "albums".* FROM "albums"  WHERE "albums"."title" = 'In Utero' LIMIT 1[0m
D, [2014-09-22T14:49:55.426367 #12132] DEBUG -- :   [1m[35m (0.1ms)[0m  begin transaction
D, [2014-09-22T14:49:55.429528 #12132] DEBUG -- :   [1m[36mSQL (0.4ms)[0m  [1mINSERT INTO "albums" ("performer", "title") VALUES (?, ?)[0m  [["performer", "Nirvana"], ["title", "In Utero"]]
D, [2014-09-22T14:49:55.546676 #12132] DEBUG -- :   [1m[35m (116.6ms)[0m  commit transaction
D, [2014-09-22T14:49:55.568739 #12132] DEBUG -- :   [1m[36m (0.1ms)[0m  [1mbegin transaction[0m
D, [2014-09-22T14:49:55.577881 #12132] DEBUG -- :   [1m[35mSQL (0.3ms)[0m  INSERT INTO "tracks" ("album_id", "title", "track_number") VALUES (?, ?, ?)  [["album_id", 3], ["title", "Serve the Servants"], ["track_number", 1]]
D, [2014-09-22T14:49:56.038624 #12132] DEBUG -- :   [1m[36m (460.1ms)[0m  [1mcommit transaction[0m
D, [2014-09-22T14:49:56.039598 #12132] DEBUG -- :   [1m[35m (0.2ms)[0m  begin transaction
D, [2014-09-22T14:49:56.044344 #12132] DEBUG -- :   [1m[36mSQL (0.5ms)[0m  [1mINSERT INTO "tracks" ("album_id", "title", "track_number") VALUES (?, ?, ?)[0m  [["album_id", 3], ["title", "Scentless Apprentice"], ["track_number", 2]]
D, [2014-09-22T14:49:56.155780 #12132] DEBUG -- :   [1m[35m (109.1ms)[0m  commit transaction
D, [2014-09-22T14:49:56.156485 #12132] DEBUG -- :   [1m[36m (0.2ms)[0m  [1mbegin transaction[0m
D, [2014-09-22T14:49:56.159815 #12132] DEBUG -- :   [1m[35mSQL (0.4ms)[0m  INSERT INTO "tracks" ("album_id", "title", "track_number") VALUES (?, ?, ?)  [["album_id", 3], ["title", "Heart-Shaped Box"], ["track_number", 3]]
D, [2014-09-22T14:49:56.264389 #12132] DEBUG -- :   [1m[36m (103.8ms)[0m  [1mcommit transaction[0m
D, [2014-09-22T14:49:56.264669 #12132] DEBUG -- :   [1m[35m (0.1ms)[0m  begin transaction
D, [2014-09-22T14:49:56.265854 #12132] DEBUG -- :   [1m[36mSQL (0.2ms)[0m  [1mINSERT INTO "tracks" ("album_id", "title", "track_number") VALUES (?, ?, ?)[0m  [["album_id", 3], ["title", "Rape Me"], ["track_number", 4]]
D, [2014-09-22T14:49:56.373515 #12132] DEBUG -- :   [1m[35m (107.2ms)[0m  commit transaction
D, [2014-09-22T14:49:56.374179 #12132] DEBUG -- :   [1m[36m (0.2ms)[0m  [1mbegin transaction[0m
D, [2014-09-22T14:49:56.377501 #12132] DEBUG -- :   [1m[35mSQL (0.5ms)[0m  INSERT INTO "tracks" ("album_id", "title", "track_number") VALUES (?, ?, ?)  [["album_id", 3], ["title", "Frances Farmer"], ["track_number", 5]]
D, [2014-09-22T14:49:56.482325 #12132] DEBUG -- :   [1m[36m (104.0ms)[0m  [1mcommit transaction[0m
D, [2014-09-22T14:49:56.483068 #12132] DEBUG -- :   [1m[35m (0.2ms)[0m  begin transaction
D, [2014-09-22T14:49:56.486552 #12132] DEBUG -- :   [1m[36mSQL (0.5ms)[0m  [1mINSERT INTO "tracks" ("album_id", "title", "track_number") VALUES (?, ?, ?)[0m  [["album_id", 3], ["title", "Dumb"], ["track_number", 6]]
D, [2014-09-22T14:49:56.591246 #12132] DEBUG -- :   [1m[35m (103.8ms)[0m  commit transaction
D, [2014-09-22T14:49:56.591923 #12132] DEBUG -- :   [1m[36m (0.2ms)[0m  [1mbegin transaction[0m
D, [2014-09-22T14:49:56.595247 #12132] DEBUG -- :   [1m[35mSQL (0.5ms)[0m  INSERT INTO "tracks" ("album_id", "title", "track_number") VALUES (?, ?, ?)  [["album_id", 3], ["title", "Very Ape"], ["track_number", 7]]
D, [2014-09-22T14:49:56.700205 #12132] DEBUG -- :   [1m[36m (104.1ms)[0m  [1mcommit transaction[0m
D, [2014-09-22T14:49:56.700907 #12132] DEBUG -- :   [1m[35m (0.2ms)[0m  begin transaction
D, [2014-09-22T14:49:56.704289 #12132] DEBUG -- :   [1m[36mSQL (0.5ms)[0m  [1mINSERT INTO "tracks" ("album_id", "title", "track_number") VALUES (?, ?, ?)[0m  [["album_id", 3], ["title", "Milk It"], ["track_number", 8]]
D, [2014-09-22T14:49:56.808998 #12132] DEBUG -- :   [1m[35m (103.9ms)[0m  commit transaction
D, [2014-09-22T14:49:56.809716 #12132] DEBUG -- :   [1m[36m (0.2ms)[0m  [1mbegin transaction[0m
D, [2014-09-22T14:49:56.813054 #12132] DEBUG -- :   [1m[35mSQL (0.5ms)[0m  INSERT INTO "tracks" ("album_id", "title", "track_number") VALUES (?, ?, ?)  [["album_id", 3], ["title", "Pennyroyal Tea"], ["track_number", 9]]
D, [2014-09-22T14:49:56.934477 #12132] DEBUG -- :   [1m[36m (120.6ms)[0m  [1mcommit transaction[0m
D, [2014-09-22T14:49:56.935211 #12132] DEBUG -- :   [1m[35m (0.2ms)[0m  begin transaction
D, [2014-09-22T14:49:56.938442 #12132] DEBUG -- :   [1m[36mSQL (0.4ms)[0m  [1mINSERT INTO "tracks" ("album_id", "title", "track_number") VALUES (?, ?, ?)[0m  [["album_id", 3], ["title", "Radio Friendly Unit Shifter"], ["track_number", 10]]
D, [2014-09-22T14:49:57.051650 #12132] DEBUG -- :   [1m[35m (112.3ms)[0m  commit transaction
D, [2014-09-22T14:49:57.052321 #12132] DEBUG -- :   [1m[36m (0.2ms)[0m  [1mbegin transaction[0m
D, [2014-09-22T14:49:57.056197 #12132] DEBUG -- :   [1m[35mSQL (1.0ms)[0m  INSERT INTO "tracks" ("album_id", "title", "track_number") VALUES (?, ?, ?)  [["album_id", 3], ["title", "Tourettes"], ["track_number", 11]]
D, [2014-09-22T14:49:57.177296 #12132] DEBUG -- :   [1m[36m (120.2ms)[0m  [1mcommit transaction[0m
D, [2014-09-22T14:49:57.177986 #12132] DEBUG -- :   [1m[35m (0.2ms)[0m  begin transaction
D, [2014-09-22T14:49:57.181275 #12132] DEBUG -- :   [1m[36mSQL (0.5ms)[0m  [1mINSERT INTO "tracks" ("album_id", "title", "track_number") VALUES (?, ?, ?)[0m  [["album_id", 3], ["title", "All Apologies"], ["track_number", 12]]
D, [2014-09-22T14:49:57.285993 #12132] DEBUG -- :   [1m[35m (103.9ms)[0m  commit transaction
D, [2014-09-22T14:49:57.288410 #12132] DEBUG -- :   [1m[36mAlbum Load (0.5ms)[0m  [1mSELECT  "albums".* FROM "albums"  WHERE "albums"."title" = 'La-te-ra-lus' LIMIT 1[0m
D, [2014-09-22T14:49:57.290459 #12132] DEBUG -- :   [1m[35mAlbum Load (0.4ms)[0m  SELECT  "albums".* FROM "albums"  WHERE "albums"."id" = ? LIMIT 1  [["id", 1]]
D, [2014-09-22T14:49:57.292018 #12132] DEBUG -- :   [1m[36mAlbum Load (0.2ms)[0m  [1mSELECT  "albums".* FROM "albums"  WHERE "albums"."id" = ? LIMIT 1[0m  [["id", 2]]
D, [2014-09-22T14:49:57.294962 #12132] DEBUG -- :   [1m[35mTrack Load (0.7ms)[0m  SELECT "tracks".* FROM "tracks"  WHERE "tracks"."album_id" = ?  [["album_id", 2]]
D, [2014-09-22T14:49:57.298800 #12132] DEBUG -- :   [1m[36mAlbum Load (0.4ms)[0m  [1mSELECT  "albums".* FROM "albums"  WHERE "albums"."title" = 'La-te-ra-lus' LIMIT 1[0m
D, [2014-09-22T14:49:57.300111 #12132] DEBUG -- :   [1m[35mTrack Load (0.2ms)[0m  SELECT  "tracks".* FROM "tracks"  WHERE "tracks"."title" = 'Very Ape' LIMIT 1
D, [2014-09-22T14:49:57.300847 #12132] DEBUG -- :   [1m[36mAlbum Load (0.1ms)[0m  [1mSELECT "albums".* FROM "albums"[0m
D, [2014-09-22T14:49:57.301437 #12132] DEBUG -- :   [1m[35mAlbum Load (0.1ms)[0m  SELECT "albums".* FROM "albums"
D, [2014-09-22T14:49:57.301962 #12132] DEBUG -- :   [1m[36mTrack Load (0.2ms)[0m  [1mSELECT "tracks".* FROM "tracks"[0m
D, [2014-09-22T14:49:57.303421 #12132] DEBUG -- :   [1m[35mTrack Load (0.2ms)[0m  SELECT "tracks".* FROM "tracks"  WHERE "tracks"."title" = 'Triad'
D, [2014-09-22T14:49:57.304531 #12132] DEBUG -- :   [1m[36mTrack Load (0.2ms)[0m  [1mSELECT "tracks".* FROM "tracks"  WHERE ("tracks"."track_number" BETWEEN 6 AND 8)[0m
D, [2014-09-22T14:49:57.306103 #12132] DEBUG -- :   [1m[35mAlbum Load (0.2ms)[0m  SELECT  "albums".* FROM "albums"   ORDER BY "albums"."id" ASC LIMIT 1
D, [2014-09-22T14:49:57.307051 #12132] DEBUG -- :   [1m[36mAlbum Load (0.2ms)[0m  [1mSELECT  "albums".* FROM "albums"   ORDER BY "albums"."id" DESC LIMIT 1[0m
D, [2014-09-22T14:49:57.307534 #12132] DEBUG -- :   [1m[35mAlbum Load (0.1ms)[0m  SELECT "albums".* FROM "albums"
D, [2014-09-22T14:49:57.307992 #12132] DEBUG -- :   [1m[36mAlbum Load (0.1ms)[0m  [1mSELECT  "albums".* FROM "albums"   ORDER BY "albums"."id" ASC LIMIT 1[0m
D, [2014-09-22T14:49:57.419969 #12132] DEBUG -- :   [1m[35mSQL (111.3ms)[0m  DELETE FROM "albums" WHERE "albums"."id" = 2
D, [2014-09-22T14:49:57.421466 #12132] DEBUG -- :   [1m[36mAlbum Load (0.4ms)[0m  [1mSELECT "albums".* FROM "albums"[0m
D, [2014-09-22T14:49:57.425172 #12132] DEBUG -- :   [1m[35mTrack Load (0.5ms)[0m  SELECT  "tracks".* FROM "tracks"  WHERE "tracks"."title" = 'The Grudge'  ORDER BY "tracks"."id" ASC LIMIT 1
